[2025-11-15 01:21:09] local.ERROR: rename(C:\xampp\htdocs\Rizal\laravel-api-25\bootstrap\cache\pacD4F6.tmp,C:\xampp\htdocs\Rizal\laravel-api-25\bootstrap\cache/packages.php): Access is denied (code: 5) {"exception":"[object] (ErrorException(code: 0): rename(C:\\xampp\\htdocs\\Rizal\\laravel-api-25\\bootstrap\\cache\\pacD4F6.tmp,C:\\xampp\\htdocs\\Rizal\\laravel-api-25\\bootstrap\\cache/packages.php): Access is denied (code: 5) at C:\\xampp\\htdocs\\Rizal\\laravel-api-25\\vendor\\laravel\\framework\\src\\Illuminate\\Filesystem\\Filesystem.php:233)
[stacktrace]
#0 C:\\xampp\\htdocs\\Rizal\\laravel-api-25\\vendor\\laravel\\framework\\src\\Illuminate\\Foundation\\Bootstrap\\HandleExceptions.php(258): Illuminate\\Foundation\\Bootstrap\\HandleExceptions->handleError(2, 'rename(C:\\\\xampp...', 'C:\\\\xampp\\\\htdocs...', 233)
#1 [internal function]: Illuminate\\Foundation\\Bootstrap\\HandleExceptions->Illuminate\\Foundation\\Bootstrap\\{closure}(2, 'rename(C:\\\\xampp...', 'C:\\\\xampp\\\\htdocs...', 233)
#2 C:\\xampp\\htdocs\\Rizal\\laravel-api-25\\vendor\\laravel\\framework\\src\\Illuminate\\Filesystem\\Filesystem.php(233): rename('C:\\\\xampp\\\\htdocs...', 'C:\\\\xampp\\\\htdocs...')
#3 C:\\xampp\\htdocs\\Rizal\\laravel-api-25\\vendor\\laravel\\framework\\src\\Illuminate\\Foundation\\PackageManifest.php(182): Illuminate\\Filesystem\\Filesystem->replace('C:\\\\xampp\\\\htdocs...', '<?php return ar...')
#4 C:\\xampp\\htdocs\\Rizal\\laravel-api-25\\vendor\\laravel\\framework\\src\\Illuminate\\Foundation\\PackageManifest.php(132): Illuminate\\Foundation\\PackageManifest->write(Array)
#5 C:\\xampp\\htdocs\\Rizal\\laravel-api-25\\vendor\\laravel\\framework\\src\\Illuminate\\Foundation\\PackageManifest.php(108): Illuminate\\Foundation\\PackageManifest->build()
#6 C:\\xampp\\htdocs\\Rizal\\laravel-api-25\\vendor\\laravel\\framework\\src\\Illuminate\\Foundation\\PackageManifest.php(90): Illuminate\\Foundation\\PackageManifest->getManifest()
#7 C:\\xampp\\htdocs\\Rizal\\laravel-api-25\\vendor\\laravel\\framework\\src\\Illuminate\\Foundation\\PackageManifest.php(79): Illuminate\\Foundation\\PackageManifest->config('aliases')
#8 C:\\xampp\\htdocs\\Rizal\\laravel-api-25\\vendor\\laravel\\framework\\src\\Illuminate\\Foundation\\Bootstrap\\RegisterFacades.php(26): Illuminate\\Foundation\\PackageManifest->aliases()
#9 C:\\xampp\\htdocs\\Rizal\\laravel-api-25\\vendor\\laravel\\framework\\src\\Illuminate\\Foundation\\Application.php(342): Illuminate\\Foundation\\Bootstrap\\RegisterFacades->bootstrap(Object(Illuminate\\Foundation\\Application))
#10 C:\\xampp\\htdocs\\Rizal\\laravel-api-25\\vendor\\laravel\\framework\\src\\Illuminate\\Foundation\\Console\\Kernel.php(473): Illuminate\\Foundation\\Application->bootstrapWith(Array)
#11 C:\\xampp\\htdocs\\Rizal\\laravel-api-25\\vendor\\laravel\\framework\\src\\Illuminate\\Foundation\\Console\\Kernel.php(195): Illuminate\\Foundation\\Console\\Kernel->bootstrap()
#12 Command line code(1): Illuminate\\Foundation\\Console\\Kernel->handle(Object(Symfony\\Component\\Console\\Input\\ArgvInput), Object(Symfony\\Component\\Console\\Output\\ConsoleOutput))
#13 {main}
"} 
[2025-11-15 01:21:11] local.ERROR: Uncaught ReflectionException: Class "translator" does not exist in C:\xampp\htdocs\Rizal\laravel-api-25\vendor\laravel\framework\src\Illuminate\Container\Container.php:1161
Stack trace:
#0 C:\xampp\htdocs\Rizal\laravel-api-25\vendor\laravel\framework\src\Illuminate\Container\Container.php(1161): ReflectionClass->__construct('translator')
#1 C:\xampp\htdocs\Rizal\laravel-api-25\vendor\laravel\framework\src\Illuminate\Container\Container.php(972): Illuminate\Container\Container->build('translator')
#2 C:\xampp\htdocs\Rizal\laravel-api-25\vendor\laravel\framework\src\Illuminate\Foundation\Application.php(1078): Illuminate\Container\Container->resolve('translator', Array, true)
#3 C:\xampp\htdocs\Rizal\laravel-api-25\vendor\laravel\framework\src\Illuminate\Container\Container.php(903): Illuminate\Foundation\Application->resolve('translator', Array)
#4 C:\xampp\htdocs\Rizal\laravel-api-25\vendor\laravel\framework\src\Illuminate\Foundation\Application.php(1058): Illuminate\Container\Container->make('translator', Array)
#5 C:\xampp\htdocs\Rizal\laravel-api-25\vendor\laravel\framework\src\Illuminate\Foundation\helpers.php(138): Illuminate\Foundation\Application->make('translator', Array)
#6 Command line code(1): app('translator')
#7 {main}

Next Illuminate\Contracts\Container\BindingResolutionException: Target class [translator] does not exist. in C:\xampp\htdocs\Rizal\laravel-api-25\vendor\laravel\framework\src\Illuminate\Container\Container.php:1163
Stack trace:
#0 C:\xampp\htdocs\Rizal\laravel-api-25\vendor\laravel\framework\src\Illuminate\Container\Container.php(972): Illuminate\Container\Container->build('translator')
#1 C:\xampp\htdocs\Rizal\laravel-api-25\vendor\laravel\framework\src\Illuminate\Foundation\Application.php(1078): Illuminate\Container\Container->resolve('translator', Array, true)
#2 C:\xampp\htdocs\Rizal\laravel-api-25\vendor\laravel\framework\src\Illuminate\Container\Container.php(903): Illuminate\Foundation\Application->resolve('translator', Array)
#3 C:\xampp\htdocs\Rizal\laravel-api-25\vendor\laravel\framework\src\Illuminate\Foundation\Application.php(1058): Illuminate\Container\Container->make('translator', Array)
#4 C:\xampp\htdocs\Rizal\laravel-api-25\vendor\laravel\framework\src\Illuminate\Foundation\helpers.php(138): Illuminate\Foundation\Application->make('translator', Array)
#5 Command line code(1): app('translator')
#6 {main}
  thrown {"exception":"[object] (Symfony\\Component\\ErrorHandler\\Error\\FatalError(code: 0): Uncaught ReflectionException: Class \"translator\" does not exist in C:\\xampp\\htdocs\\Rizal\\laravel-api-25\\vendor\\laravel\\framework\\src\\Illuminate\\Container\\Container.php:1161
Stack trace:
#0 C:\\xampp\\htdocs\\Rizal\\laravel-api-25\\vendor\\laravel\\framework\\src\\Illuminate\\Container\\Container.php(1161): ReflectionClass->__construct('translator')
#1 C:\\xampp\\htdocs\\Rizal\\laravel-api-25\\vendor\\laravel\\framework\\src\\Illuminate\\Container\\Container.php(972): Illuminate\\Container\\Container->build('translator')
#2 C:\\xampp\\htdocs\\Rizal\\laravel-api-25\\vendor\\laravel\\framework\\src\\Illuminate\\Foundation\\Application.php(1078): Illuminate\\Container\\Container->resolve('translator', Array, true)
#3 C:\\xampp\\htdocs\\Rizal\\laravel-api-25\\vendor\\laravel\\framework\\src\\Illuminate\\Container\\Container.php(903): Illuminate\\Foundation\\Application->resolve('translator', Array)
#4 C:\\xampp\\htdocs\\Rizal\\laravel-api-25\\vendor\\laravel\\framework\\src\\Illuminate\\Foundation\\Application.php(1058): Illuminate\\Container\\Container->make('translator', Array)
#5 C:\\xampp\\htdocs\\Rizal\\laravel-api-25\\vendor\\laravel\\framework\\src\\Illuminate\\Foundation\\helpers.php(138): Illuminate\\Foundation\\Application->make('translator', Array)
#6 Command line code(1): app('translator')
#7 {main}

Next Illuminate\\Contracts\\Container\\BindingResolutionException: Target class [translator] does not exist. in C:\\xampp\\htdocs\\Rizal\\laravel-api-25\\vendor\\laravel\\framework\\src\\Illuminate\\Container\\Container.php:1163
Stack trace:
#0 C:\\xampp\\htdocs\\Rizal\\laravel-api-25\\vendor\\laravel\\framework\\src\\Illuminate\\Container\\Container.php(972): Illuminate\\Container\\Container->build('translator')
#1 C:\\xampp\\htdocs\\Rizal\\laravel-api-25\\vendor\\laravel\\framework\\src\\Illuminate\\Foundation\\Application.php(1078): Illuminate\\Container\\Container->resolve('translator', Array, true)
#2 C:\\xampp\\htdocs\\Rizal\\laravel-api-25\\vendor\\laravel\\framework\\src\\Illuminate\\Container\\Container.php(903): Illuminate\\Foundation\\Application->resolve('translator', Array)
#3 C:\\xampp\\htdocs\\Rizal\\laravel-api-25\\vendor\\laravel\\framework\\src\\Illuminate\\Foundation\\Application.php(1058): Illuminate\\Container\\Container->make('translator', Array)
#4 C:\\xampp\\htdocs\\Rizal\\laravel-api-25\\vendor\\laravel\\framework\\src\\Illuminate\\Foundation\\helpers.php(138): Illuminate\\Foundation\\Application->make('translator', Array)
#5 Command line code(1): app('translator')
#6 {main}
  thrown at C:\\xampp\\htdocs\\Rizal\\laravel-api-25\\vendor\\laravel\\framework\\src\\Illuminate\\Container\\Container.php:1163)
[stacktrace]
#0 {main}
"} 
